============================= test session starts =============================
platform win32 -- Python 3.14.3, pytest-9.0.2, pluggy-1.6.0 -- C:\Python314\python.exe
cachedir: .pytest_cache
rootdir: D:\workspace\omission
configfile: pyproject.toml
plugins: anyio-4.12.1, timeout-2.4.0
collecting ... collected 25 items

jnwb/test_jnwb_core.py::TestStatisticalAnalysis::test_bootstrap_ci_valid_data PASSED [  4%]
jnwb/test_jnwb_core.py::TestStatisticalAnalysis::test_compare_groups_identical_groups PASSED [  8%]
jnwb/test_jnwb_core.py::TestStatisticalAnalysis::test_compare_groups_valid_data PASSED [ 12%]
jnwb/test_jnwb_core.py::TestStatisticalAnalysis::test_correlate_no_correlation PASSED [ 16%]
jnwb/test_jnwb_core.py::TestStatisticalAnalysis::test_correlate_perfect_correlation PASSED [ 20%]
jnwb/test_jnwb_core.py::TestStatisticalAnalysis::test_permutation_test_valid_data PASSED [ 24%]
jnwb/test_jnwb_core.py::TestTFRAnalyzer::test_average_across_channels_many_channels PASSED [ 28%]
jnwb/test_jnwb_core.py::TestTFRAnalyzer::test_average_across_channels_shape PASSED [ 32%]
jnwb/test_jnwb_core.py::TestTFRAnalyzer::test_average_across_channels_single_channel PASSED [ 36%]
jnwb/test_jnwb_core.py::TestTFRAnalyzer::test_extract_band_alpha PASSED  [ 40%]
jnwb/test_jnwb_core.py::TestTFRAnalyzer::test_extract_band_beta PASSED   [ 44%]
jnwb/test_jnwb_core.py::TestTFRAnalyzer::test_extract_band_invalid_band PASSED [ 48%]
jnwb/test_jnwb_core.py::TestTFRAnalyzer::test_extract_band_theta PASSED  [ 52%]
jnwb/test_jnwb_core.py::TestUnitAnalyzer::test_autocorrelogram_insufficient_spikes PASSED [ 56%]
jnwb/test_jnwb_core.py::TestUnitAnalyzer::test_autocorrelogram_valid_spikes_returns_dict PASSED [ 60%]
jnwb/test_jnwb_core.py::TestUnitAnalyzer::test_quality_metrics_empty_spikes PASSED [ 64%]
jnwb/test_jnwb_core.py::TestUnitAnalyzer::test_quality_metrics_returns_dict PASSED [ 68%]
jnwb/test_jnwb_core.py::TestDataHandling::test_inf_handling_in_statistics PASSED [ 72%]
jnwb/test_jnwb_core.py::TestDataHandling::test_nan_handling_in_statistics PASSED [ 76%]
jnwb/test_jnwb_core.py::TestDataHandling::test_zero_variance_handling PASSED [ 80%]
jnwb/test_jnwb_core.py::TestTFRDataPipeline::test_channel_averaging_handles_variable_channels PASSED [ 84%]
jnwb/test_jnwb_core.py::TestTFRDataPipeline::test_channel_averaging_preserves_temporal_structure PASSED [ 88%]
jnwb/test_jnwb_core.py::TestRobustness::test_compare_groups_with_small_samples PASSED [ 92%]
jnwb/test_jnwb_core.py::TestRobustness::test_correlate_with_constant_y PASSED [ 96%]
jnwb/test_jnwb_core.py::TestRobustness::test_extract_band_with_small_array PASSED [100%]

============================== warnings summary ===============================
jnwb/test_jnwb_core.py::TestDataHandling::test_inf_handling_in_statistics
  C:\Python314\Lib\site-packages\scipy\stats\_stats_py.py:4769: RuntimeWarning: invalid value encountered in subtract
    xm = x - xmean

jnwb/test_jnwb_core.py::TestDataHandling::test_inf_handling_in_statistics
  C:\Python314\Lib\site-packages\scipy\stats\_stats_py.py:4770: RuntimeWarning: invalid value encountered in subtract
    ym = y - ymean

jnwb/test_jnwb_core.py::TestDataHandling::test_zero_variance_handling
  C:\Python314\Lib\site-packages\scipy\stats\_axis_nan_policy.py:601: RuntimeWarning: Precision loss occurred in moment calculation due to catastrophic cancellation. This occurs when the data are nearly identical. Results may be unreliable.
    res = hypotest_fun_out(*samples, **kwds)

jnwb/test_jnwb_core.py::TestRobustness::test_correlate_with_constant_y
  D:\workspace\omission\jnwb\statistics.py:209: ConstantInputWarning: An input array is constant; the correlation coefficient is not defined.
    r_pearson, p_pearson = stats.pearsonr(x_valid, y_valid)

jnwb/test_jnwb_core.py::TestRobustness::test_correlate_with_constant_y
  D:\workspace\omission\jnwb\statistics.py:212: ConstantInputWarning: An input array is constant; the correlation coefficient is not defined.
    rho_spearman, p_spearman = stats.spearmanr(x_valid, y_valid)

-- Docs: https://docs.pytest.org/en/stable/how-to/capture-warnings.html
======================= 25 passed, 5 warnings in 14.52s =======================
